2025-02-21 06:19:31,358 - INFO - [red]Fake Post Endpoint (https://fetch.com/some/post/endpoint) - Status: DOWN - Latency: 95.38ms[/]
2025-02-21 06:19:31,377 - INFO - [green]Fetch Index Page (https://fetch.com/) - Status: UP - Latency: 116.93ms[/]
2025-02-21 06:19:31,413 - INFO - [green]Fetch Careers Page (https://fetch.com/careers) - Status: UP - Latency: 150.81ms[/]
2025-02-21 06:19:31,415 - INFO - [cyan]fetch.com has 67% availability[/cyan]
2025-02-21 06:19:31,417 - INFO - [cyan]Updated reports in logs/availability_report.csv and logs/availability_report.json[/cyan]
2025-02-21 06:19:31,419 - INFO - [magenta]Updated long-term availability trends in logs/availability_trends.csv[/magenta]
2025-02-21 06:19:46,468 - INFO - [green]Fetch Careers Page (https://fetch.com/careers) - Status: UP - Latency: 43.93ms[/]
2025-02-21 06:19:46,473 - INFO - [red]Fake Post Endpoint (https://fetch.com/some/post/endpoint) - Status: DOWN - Latency: 48.87ms[/]
2025-02-21 06:19:46,475 - INFO - [green]Fetch Index Page (https://fetch.com/) - Status: UP - Latency: 52.16ms[/]
2025-02-21 06:19:46,477 - INFO - [cyan]fetch.com has 67% availability[/cyan]
2025-02-21 06:19:46,480 - INFO - [cyan]Updated reports in logs/availability_report.csv and logs/availability_report.json[/cyan]
2025-02-21 06:19:46,481 - INFO - [magenta]Updated long-term availability trends in logs/availability_trends.csv[/magenta]
2025-02-21 06:20:01,536 - INFO - [red]Fake Post Endpoint (https://fetch.com/some/post/endpoint) - Status: DOWN - Latency: 51.86ms[/]
2025-02-21 06:20:01,539 - INFO - [green]Fetch Careers Page (https://fetch.com/careers) - Status: UP - Latency: 54.67ms[/]
2025-02-21 06:20:01,542 - INFO - [green]Fetch Index Page (https://fetch.com/) - Status: UP - Latency: 58.56ms[/]
2025-02-21 06:20:01,544 - INFO - [cyan]fetch.com has 67% availability[/cyan]
2025-02-21 06:20:01,546 - INFO - [cyan]Updated reports in logs/availability_report.csv and logs/availability_report.json[/cyan]
2025-02-21 06:20:01,548 - INFO - [magenta]Updated long-term availability trends in logs/availability_trends.csv[/magenta]
2025-02-21 06:25:19,620 - INFO - [red]Fake Post Endpoint (https://fetch.com/some/post/endpoint) - Status: DOWN - Latency: 72.16ms[/]
2025-02-21 06:25:19,625 - INFO - [green]Fetch Index Page (https://fetch.com/) - Status: UP - Latency: 79.71ms[/]
2025-02-21 06:25:19,627 - INFO - [green]Fetch Careers Page (https://fetch.com/careers) - Status: UP - Latency: 79.72ms[/]
2025-02-21 06:25:19,629 - INFO - [cyan]fetch.com has 67% availability[/cyan]
2025-02-21 06:25:19,631 - INFO - [cyan]Updated reports in logs/availability_report.csv and logs/availability_report.json[/cyan]
2025-02-21 06:25:19,633 - INFO - [magenta]Updated long-term availability trends in logs/availability_trends.csv[/magenta]
2025-02-21 06:25:49,853 - INFO - [green]Fetch Index Page (https://fetch.com/) - Status: UP - Latency: 56.35ms[/]
2025-02-21 06:25:49,856 - INFO - [green]Fetch Careers Page (https://fetch.com/careers) - Status: UP - Latency: 59.23ms[/]
2025-02-21 06:25:49,858 - INFO - [red]Fake Post Endpoint (https://fetch.com/some/post/endpoint) - Status: DOWN - Latency: 61.21ms[/]
2025-02-21 06:25:49,860 - INFO - [cyan]fetch.com has 67% availability[/cyan]
2025-02-21 06:25:49,863 - INFO - [cyan]Updated reports in logs/availability_report.csv and logs/availability_report.json[/cyan]
2025-02-21 06:25:49,864 - INFO - [magenta]Updated long-term availability trends in logs/availability_trends.csv[/magenta]
